<?xml version="1.0"?>
<testsuites name="Tests" time="64.41" tests="110" failures="16" disabled="0" errors="0">
  <testsuite name="UI Functional tests" time="59.882" tests="64" failures="7" disabled="0" skipped="0" errors="0" hostname="stoketoday-lm" timestamp="2015-02-09T11:27:29.187Z">
    <testsuite name="UI" time="49.687" tests="64" failures="7" disabled="0" skipped="0" errors="0" hostname="stoketoday-lm" timestamp="2015-02-09T11:27:37.301Z">
      <testsuite name="Globals" time="5.796" tests="3" failures="1" disabled="0" skipped="0" errors="0" hostname="stoketoday-lm" timestamp="2015-02-09T11:27:37.302Z">
        <testsuite name="Application" time="2.229" tests="1" failures="0" disabled="0" skipped="0" errors="0" hostname="stoketoday-lm" timestamp="2015-02-09T11:27:37.302Z">
          <testcase name="appearance" time="2.228"/>
        </testsuite>
        <testsuite name="Header" time="3.567" tests="2" failures="1" disabled="0" skipped="0" errors="0" hostname="stoketoday-lm" timestamp="2015-02-09T11:27:39.531Z">
          <testcase name="appearance" time="3.536">
            <failure type="Failed command (500):&#xA;Element not found in the cache - perhaps the page has changed since it was looked up&#xA;For documentation on this error, please visit: http://seleniumhq.org/exceptions/stale_element_reference.html&#xA;Build info: version: '2.43.1', revision: '5163bce', time: '2014-09-10 16:27:33'&#xA;System info: host: 'stoketoday-lm', ip: '10.0.1.15', os.name: 'Mac OS X', os.arch: 'x86_64', os.version: '10.9.5', java.version: '1.8.0_31'&#xA;Driver info: driver.version: unknown&#xA;Class: org.openqa.selenium.StaleElementReferenceException&#xA;Stack-trace:&#xA; fxdriver.cache.getElementAt::&lt;anonymous class> (resource://fxdriver/modules/web-element-cache.js:8322:1)&#xA;Utils.getElementAt::&lt;anonymous class> (file:///var/folders/5v/00sx_6xj55l33ryn3s4xp_q0002ljx/T/anonymous4702326988501347574webdriver-profile/extensions/fxdriver@googlecode.com/components/command-processor.js:7922:10)&#xA;WebElement.getElementLocation::&lt;anonymous class> (file:///var/folders/5v/00sx_6xj55l33ryn3s4xp_q0002ljx/T/anonymous4702326988501347574webdriver-profile/extensions/fxdriver@googlecode.com/components/command-processor.js:11132:11)&#xA;DelayedCommand.prototype.executeInternal_/h::&lt;anonymous class> (file:///var/folders/5v/00sx_6xj55l33ryn3s4xp_q0002ljx/T/anonymous4702326988501347574webdriver-profile/extensions/fxdriver@googlecode.com/components/command-processor.js:11612:16)&#xA;fxdriver.Timer.prototype.setTimeout/&lt;.notify::&lt;anonymous class> (file:///var/folders/5v/00sx_6xj55l33ryn3s4xp_q0002ljx/T/anonymous4702326988501347574webdriver-profile/extensions/fxdriver@googlecode.com/components/command-processor.js:548:5)" message="Error: Failed command (500):&#xA;Element not found in the cache - perhaps the page has changed since it was looked up&#xA;For documentation on this error, please visit: http://seleniumhq.org/exceptions/stale_element_reference.html&#xA;Build info: version: '2.43.1', revision: '5163bce', time: '2014-09-10 16:27:33'&#xA;System info: host: 'stoketoday-lm', ip: '10.0.1.15', os.name: 'Mac OS X', os.arch: 'x86_64', os.version: '10.9.5', java.version: '1.8.0_31'&#xA;Driver info: driver.version: unknown&#xA;Class: org.openqa.selenium.StaleElementReferenceException&#xA;Stack-trace:&#xA; fxdriver.cache.getElementAt::&lt;anonymous class> (resource://fxdriver/modules/web-element-cache.js:8322:1)&#xA;Utils.getElementAt::&lt;anonymous class> (file:///var/folders/5v/00sx_6xj55l33ryn3s4xp_q0002ljx/T/anonymous4702326988501347574webdriver-profile/extensions/fxdriver@googlecode.com/components/command-processor.js:7922:10)&#xA;WebElement.getElementLocation::&lt;anonymous class> (file:///var/folders/5v/00sx_6xj55l33ryn3s4xp_q0002ljx/T/anonymous4702326988501347574webdriver-profile/extensions/fxdriver@googlecode.com/components/command-processor.js:11132:11)&#xA;DelayedCommand.prototype.executeInternal_/h::&lt;anonymous class> (file:///var/folders/5v/00sx_6xj55l33ryn3s4xp_q0002ljx/T/anonymous4702326988501347574webdriver-profile/extensions/fxdriver@googlecode.com/components/command-processor.js:11612:16)&#xA;fxdriver.Timer.prototype.setTimeout/&lt;.notify::&lt;anonymous class> (file:///var/folders/5v/00sx_6xj55l33ryn3s4xp_q0002ljx/T/anonymous4702326988501347574webdriver-profile/extensions/fxdriver@googlecode.com/components/command-processor.js:548:5)&#xA;    at parseResponse (/Users/erz/code/marcelerz/preceptor-todomvc/node_modules/cabbie-alpha/lib/connection.js:152:11)&#xA;    at when (/Users/erz/code/marcelerz/preceptor-todomvc/node_modules/cabbie-alpha/lib/when.js:23:12)&#xA;    at Connection.cabbieRequest (/Users/erz/code/marcelerz/preceptor-todomvc/node_modules/cabbie-alpha/lib/connection.js:65:10)&#xA;    at Driver._requestJSON (/Users/erz/code/marcelerz/preceptor-todomvc/node_modules/cabbie-alpha/lib/driver.js:234:27)&#xA;    at Element._requestJSON (/Users/erz/code/marcelerz/preceptor-todomvc/node_modules/cabbie-alpha/lib/element.js:141:23)&#xA;    at Element.getPosition (/Users/erz/code/marcelerz/preceptor-todomvc/node_modules/cabbie-alpha/lib/element.js:376:15)&#xA;    at Element.when.try.event.state (/Users/erz/code/marcelerz/preceptor-todomvc/node_modules/cabbie-alpha/lib/log.js:53:21)&#xA;    at Function.whenTry [as try] (/Users/erz/code/marcelerz/preceptor-todomvc/node_modules/cabbie-alpha/lib/when.js:43:11)&#xA;    at Element.result [as getPosition] (/Users/erz/code/marcelerz/preceptor-todomvc/node_modules/cabbie-alpha/lib/log.js:48:20)&#xA;    at Element.getFrame (/Users/erz/code/marcelerz/preceptor-todomvc/node_modules/cabbie-alpha/lib/element.js:386:20)&#xA;    at Element.when.try.event.state (/Users/erz/code/marcelerz/preceptor-todomvc/node_modules/cabbie-alpha/lib/log.js:53:21)&#xA;    at Function.whenTry [as try] (/Users/erz/code/marcelerz/preceptor-todomvc/node_modules/cabbie-alpha/lib/when.js:43:11)&#xA;    at Element.result [as getFrame] (/Users/erz/code/marcelerz/preceptor-todomvc/node_modules/cabbie-alpha/lib/log.js:48:20)&#xA;    at Base.extend.getFrame (/Users/erz/code/marcelerz/preceptor-todomvc/node_modules/hodman/lib/pageObjects/baseObject.js:277:20)&#xA;    at null.getFrame (/Users/erz/code/marcelerz/preceptor-todomvc/node_modules/hodman/node_modules/preceptor-core/lib/utils.js:108:34)&#xA;    at Base.extend.capture (/Users/erz/code/marcelerz/preceptor-todomvc/node_modules/hodman/lib/pageObjects/baseObject.js:322:17)&#xA;    at null.capture (/Users/erz/code/marcelerz/preceptor-todomvc/node_modules/hodman/node_modules/preceptor-core/lib/utils.js:108:34)&#xA;    at Context.&lt;anonymous> (/Users/erz/code/marcelerz/preceptor-todomvc/tests/ui/functional/globals/header.js:13:17)&#xA;    at Test.Runnable.run (/Users/erz/code/marcelerz/preceptor-todomvc/node_modules/mocha/lib/runnable.js:216:15)&#xA;    at Runner.runTest (/Users/erz/code/marcelerz/preceptor-todomvc/node_modules/mocha/lib/runner.js:373:10)&#xA;    at /Users/erz/code/marcelerz/preceptor-todomvc/node_modules/mocha/lib/runner.js:451:12&#xA;    at next (/Users/erz/code/marcelerz/preceptor-todomvc/node_modules/mocha/lib/runner.js:298:14)&#xA;    at /Users/erz/code/marcelerz/preceptor-todomvc/node_modules/mocha/lib/runner.js:308:7&#xA;    at next (/Users/erz/code/marcelerz/preceptor-todomvc/node_modules/mocha/lib/runner.js:246:23)&#xA;    at /Users/erz/code/marcelerz/preceptor-todomvc/node_modules/mocha/lib/runner.js:270:7&#xA;    at done (/Users/erz/code/marcelerz/preceptor-todomvc/node_modules/mocha/lib/runnable.js:205:5)&#xA;    at callFn (/Users/erz/code/marcelerz/preceptor-todomvc/node_modules/mocha/lib/runnable.js:260:7)&#xA;    at Hook.Runnable.run (/Users/erz/code/marcelerz/preceptor-todomvc/node_modules/mocha/lib/runnable.js:242:7)&#xA;    at next (/Users/erz/code/marcelerz/preceptor-todomvc/node_modules/mocha/lib/runner.js:258:10)&#xA;    at Object._onImmediate (/Users/erz/code/marcelerz/preceptor-todomvc/node_modules/mocha/lib/runner.js:275:5)&#xA;    at processImmediate [as _immediateCallback] (timers.js:336:15)"/>
          </testcase>
          <testcase name="should have the correct title" time="0.031"/>
        </testsuite>
      </testsuite>
      <testsuite name="Todo" time="43.889" tests="61" failures="6" disabled="0" skipped="0" errors="0" hostname="stoketoday-lm" timestamp="2015-02-09T11:27:43.099Z">
        <testsuite name="Index" time="43.888" tests="61" failures="6" disabled="0" skipped="0" errors="0" hostname="stoketoday-lm" timestamp="2015-02-09T11:27:43.099Z">
          <testsuite name="Empty" time="2.022" tests="1" failures="0" disabled="0" skipped="0" errors="0" hostname="stoketoday-lm" timestamp="2015-02-09T11:27:43.099Z">
            <testcase name="should not have a footer" time="2.022"/>
          </testsuite>
          <testsuite name="Create entry" time="7.748" tests="11" failures="5" disabled="0" skipped="0" errors="0" hostname="stoketoday-lm" timestamp="2015-02-09T11:27:45.122Z">
            <testcase name="should be able to create a single todo" time="1.281"/>
            <testcase name="single entry appearance" time="2.314"/>
            <testcase name="should have a footer" time="0.036"/>
            <testcase name="should have the &quot;all&quot;-filter selected by default" time="0.051"/>
            <testcase name="should not be able to clear completed items" time="1.047"/>
            <testcase name="should have one item left" time="0.912"/>
            <testcase name="should not be in edit-mode" time="0.484">
              <failure type="Failed command (500):&#xA;Element not found in the cache - perhaps the page has changed since it was looked up&#xA;For documentation on this error, please visit: http://seleniumhq.org/exceptions/stale_element_reference.html&#xA;Build info: version: '2.43.1', revision: '5163bce', time: '2014-09-10 16:27:33'&#xA;System info: host: 'stoketoday-lm', ip: '10.0.1.15', os.name: 'Mac OS X', os.arch: 'x86_64', os.version: '10.9.5', java.version: '1.8.0_31'&#xA;Driver info: driver.version: unknown&#xA;Class: org.openqa.selenium.StaleElementReferenceException&#xA;Stack-trace:&#xA; fxdriver.cache.getElementAt::&lt;anonymous class> (resource://fxdriver/modules/web-element-cache.js:8322:1)&#xA;Utils.getElementAt::&lt;anonymous class> (file:///var/folders/5v/00sx_6xj55l33ryn3s4xp_q0002ljx/T/anonymous4702326988501347574webdriver-profile/extensions/fxdriver@googlecode.com/components/driver-component.js:7922:10)&#xA;FirefoxDriver.prototype.findElementInternal_::&lt;anonymous class> (file:///var/folders/5v/00sx_6xj55l33ryn3s4xp_q0002ljx/T/anonymous4702326988501347574webdriver-profile/extensions/fxdriver@googlecode.com/components/driver-component.js:9608:32)&#xA;FirefoxDriver.prototype.findChildElement::&lt;anonymous class> (file:///var/folders/5v/00sx_6xj55l33ryn3s4xp_q0002ljx/T/anonymous4702326988501347574webdriver-profile/extensions/fxdriver@googlecode.com/components/driver-component.js:9630:3)&#xA;DelayedCommand.prototype.executeInternal_/h::&lt;anonymous class> (file:///var/folders/5v/00sx_6xj55l33ryn3s4xp_q0002ljx/T/anonymous4702326988501347574webdriver-profile/extensions/fxdriver@googlecode.com/components/command-processor.js:11612:16)&#xA;DelayedCommand.prototype.executeInternal_::&lt;anonymous class> (file:///var/folders/5v/00sx_6xj55l33ryn3s4xp_q0002ljx/T/anonymous4702326988501347574webdriver-profile/extensions/fxdriver@googlecode.com/components/command-processor.js:11617:7)&#xA;DelayedCommand.prototype.execute/&lt;::&lt;anonymous class> (file:///var/folders/5v/00sx_6xj55l33ryn3s4xp_q0002ljx/T/anonymous4702326988501347574webdriver-profile/extensions/fxdriver@googlecode.com/components/command-processor.js:11559:5)" message="Error: Failed command (500):&#xA;Element not found in the cache - perhaps the page has changed since it was looked up&#xA;For documentation on this error, please visit: http://seleniumhq.org/exceptions/stale_element_reference.html&#xA;Build info: version: '2.43.1', revision: '5163bce', time: '2014-09-10 16:27:33'&#xA;System info: host: 'stoketoday-lm', ip: '10.0.1.15', os.name: 'Mac OS X', os.arch: 'x86_64', os.version: '10.9.5', java.version: '1.8.0_31'&#xA;Driver info: driver.version: unknown&#xA;Class: org.openqa.selenium.StaleElementReferenceException&#xA;Stack-trace:&#xA; fxdriver.cache.getElementAt::&lt;anonymous class> (resource://fxdriver/modules/web-element-cache.js:8322:1)&#xA;Utils.getElementAt::&lt;anonymous class> (file:///var/folders/5v/00sx_6xj55l33ryn3s4xp_q0002ljx/T/anonymous4702326988501347574webdriver-profile/extensions/fxdriver@googlecode.com/components/driver-component.js:7922:10)&#xA;FirefoxDriver.prototype.findElementInternal_::&lt;anonymous class> (file:///var/folders/5v/00sx_6xj55l33ryn3s4xp_q0002ljx/T/anonymous4702326988501347574webdriver-profile/extensions/fxdriver@googlecode.com/components/driver-component.js:9608:32)&#xA;FirefoxDriver.prototype.findChildElement::&lt;anonymous class> (file:///var/folders/5v/00sx_6xj55l33ryn3s4xp_q0002ljx/T/anonymous4702326988501347574webdriver-profile/extensions/fxdriver@googlecode.com/components/driver-component.js:9630:3)&#xA;DelayedCommand.prototype.executeInternal_/h::&lt;anonymous class> (file:///var/folders/5v/00sx_6xj55l33ryn3s4xp_q0002ljx/T/anonymous4702326988501347574webdriver-profile/extensions/fxdriver@googlecode.com/components/command-processor.js:11612:16)&#xA;DelayedCommand.prototype.executeInternal_::&lt;anonymous class> (file:///var/folders/5v/00sx_6xj55l33ryn3s4xp_q0002ljx/T/anonymous4702326988501347574webdriver-profile/extensions/fxdriver@googlecode.com/components/command-processor.js:11617:7)&#xA;DelayedCommand.prototype.execute/&lt;::&lt;anonymous class> (file:///var/folders/5v/00sx_6xj55l33ryn3s4xp_q0002ljx/T/anonymous4702326988501347574webdriver-profile/extensions/fxdriver@googlecode.com/components/command-processor.js:11559:5)&#xA;    at parseResponse (/Users/erz/code/marcelerz/preceptor-todomvc/node_modules/cabbie-alpha/lib/connection.js:152:11)&#xA;    at when (/Users/erz/code/marcelerz/preceptor-todomvc/node_modules/cabbie-alpha/lib/when.js:23:12)&#xA;    at Connection.cabbieRequest (/Users/erz/code/marcelerz/preceptor-todomvc/node_modules/cabbie-alpha/lib/connection.js:65:10)&#xA;    at Driver._requestJSON (/Users/erz/code/marcelerz/preceptor-todomvc/node_modules/cabbie-alpha/lib/driver.js:234:27)&#xA;    at Element._requestJSON (/Users/erz/code/marcelerz/preceptor-todomvc/node_modules/cabbie-alpha/lib/element.js:141:23)&#xA;    at Element.getElement (/Users/erz/code/marcelerz/preceptor-todomvc/node_modules/cabbie-alpha/lib/element.js:442:20)&#xA;    at Element.when.try.event.state (/Users/erz/code/marcelerz/preceptor-todomvc/node_modules/cabbie-alpha/lib/log.js:53:21)&#xA;    at Function.whenTry [as try] (/Users/erz/code/marcelerz/preceptor-todomvc/node_modules/cabbie-alpha/lib/when.js:43:11)&#xA;    at Element.result [as getElement] (/Users/erz/code/marcelerz/preceptor-todomvc/node_modules/cabbie-alpha/lib/log.js:48:20)&#xA;    at DriverAdapter.extend.getElement (/Users/erz/code/marcelerz/preceptor-todomvc/node_modules/hodman/lib/driverAdapter/cabbieAdapter.js:97:19)&#xA;    at null.getElement (/Users/erz/code/marcelerz/preceptor-todomvc/node_modules/hodman/node_modules/preceptor-core/lib/utils.js:108:34)&#xA;    at Base.extend.getElement (/Users/erz/code/marcelerz/preceptor-todomvc/node_modules/hodman/lib/pageObjects/baseObject.js:177:29)&#xA;    at null.getElement (/Users/erz/code/marcelerz/preceptor-todomvc/node_modules/hodman/node_modules/preceptor-core/lib/utils.js:108:34)&#xA;    at BasePage.extend.getListView (/Users/erz/code/marcelerz/preceptor-todomvc/tests/ui/lib/pages/todo/index.js:34:36)&#xA;    at null.getListView (/Users/erz/code/marcelerz/preceptor-todomvc/node_modules/hodman/node_modules/preceptor-core/lib/utils.js:108:34)&#xA;    at Context.&lt;anonymous> (/Users/erz/code/marcelerz/preceptor-todomvc/tests/ui/functional/todo/index.js:68:30)&#xA;    at callFn (/Users/erz/code/marcelerz/preceptor-todomvc/node_modules/mocha/lib/runnable.js:249:21)&#xA;    at Test.Runnable.run (/Users/erz/code/marcelerz/preceptor-todomvc/node_modules/mocha/lib/runnable.js:242:7)&#xA;    at Runner.runTest (/Users/erz/code/marcelerz/preceptor-todomvc/node_modules/mocha/lib/runner.js:373:10)&#xA;    at /Users/erz/code/marcelerz/preceptor-todomvc/node_modules/mocha/lib/runner.js:451:12&#xA;    at next (/Users/erz/code/marcelerz/preceptor-todomvc/node_modules/mocha/lib/runner.js:298:14)&#xA;    at /Users/erz/code/marcelerz/preceptor-todomvc/node_modules/mocha/lib/runner.js:308:7&#xA;    at next (/Users/erz/code/marcelerz/preceptor-todomvc/node_modules/mocha/lib/runner.js:246:23)&#xA;    at Object._onImmediate (/Users/erz/code/marcelerz/preceptor-todomvc/node_modules/mocha/lib/runner.js:275:5)&#xA;    at processImmediate [as _immediateCallback] (timers.js:336:15)"/>
            </testcase>
            <testcase name="should have the correct label" time="0.435">
              <failure type="Failed command (500):&#xA;Element not found in the cache - perhaps the page has changed since it was looked up&#xA;For documentation on this error, please visit: http://seleniumhq.org/exceptions/stale_element_reference.html&#xA;Build info: version: '2.43.1', revision: '5163bce', time: '2014-09-10 16:27:33'&#xA;System info: host: 'stoketoday-lm', ip: '10.0.1.15', os.name: 'Mac OS X', os.arch: 'x86_64', os.version: '10.9.5', java.version: '1.8.0_31'&#xA;Driver info: driver.version: unknown&#xA;Class: org.openqa.selenium.StaleElementReferenceException&#xA;Stack-trace:&#xA; fxdriver.cache.getElementAt::&lt;anonymous class> (resource://fxdriver/modules/web-element-cache.js:8322:1)&#xA;Utils.getElementAt::&lt;anonymous class> (file:///var/folders/5v/00sx_6xj55l33ryn3s4xp_q0002ljx/T/anonymous4702326988501347574webdriver-profile/extensions/fxdriver@googlecode.com/components/driver-component.js:7922:10)&#xA;FirefoxDriver.prototype.findElementInternal_::&lt;anonymous class> (file:///var/folders/5v/00sx_6xj55l33ryn3s4xp_q0002ljx/T/anonymous4702326988501347574webdriver-profile/extensions/fxdriver@googlecode.com/components/driver-component.js:9608:32)&#xA;FirefoxDriver.prototype.findChildElement::&lt;anonymous class> (file:///var/folders/5v/00sx_6xj55l33ryn3s4xp_q0002ljx/T/anonymous4702326988501347574webdriver-profile/extensions/fxdriver@googlecode.com/components/driver-component.js:9630:3)&#xA;DelayedCommand.prototype.executeInternal_/h::&lt;anonymous class> (file:///var/folders/5v/00sx_6xj55l33ryn3s4xp_q0002ljx/T/anonymous4702326988501347574webdriver-profile/extensions/fxdriver@googlecode.com/components/command-processor.js:11612:16)&#xA;DelayedCommand.prototype.executeInternal_::&lt;anonymous class> (file:///var/folders/5v/00sx_6xj55l33ryn3s4xp_q0002ljx/T/anonymous4702326988501347574webdriver-profile/extensions/fxdriver@googlecode.com/components/command-processor.js:11617:7)&#xA;DelayedCommand.prototype.execute/&lt;::&lt;anonymous class> (file:///var/folders/5v/00sx_6xj55l33ryn3s4xp_q0002ljx/T/anonymous4702326988501347574webdriver-profile/extensions/fxdriver@googlecode.com/components/command-processor.js:11559:5)" message="Error: Failed command (500):&#xA;Element not found in the cache - perhaps the page has changed since it was looked up&#xA;For documentation on this error, please visit: http://seleniumhq.org/exceptions/stale_element_reference.html&#xA;Build info: version: '2.43.1', revision: '5163bce', time: '2014-09-10 16:27:33'&#xA;System info: host: 'stoketoday-lm', ip: '10.0.1.15', os.name: 'Mac OS X', os.arch: 'x86_64', os.version: '10.9.5', java.version: '1.8.0_31'&#xA;Driver info: driver.version: unknown&#xA;Class: org.openqa.selenium.StaleElementReferenceException&#xA;Stack-trace:&#xA; fxdriver.cache.getElementAt::&lt;anonymous class> (resource://fxdriver/modules/web-element-cache.js:8322:1)&#xA;Utils.getElementAt::&lt;anonymous class> (file:///var/folders/5v/00sx_6xj55l33ryn3s4xp_q0002ljx/T/anonymous4702326988501347574webdriver-profile/extensions/fxdriver@googlecode.com/components/driver-component.js:7922:10)&#xA;FirefoxDriver.prototype.findElementInternal_::&lt;anonymous class> (file:///var/folders/5v/00sx_6xj55l33ryn3s4xp_q0002ljx/T/anonymous4702326988501347574webdriver-profile/extensions/fxdriver@googlecode.com/components/driver-component.js:9608:32)&#xA;FirefoxDriver.prototype.findChildElement::&lt;anonymous class> (file:///var/folders/5v/00sx_6xj55l33ryn3s4xp_q0002ljx/T/anonymous4702326988501347574webdriver-profile/extensions/fxdriver@googlecode.com/components/driver-component.js:9630:3)&#xA;DelayedCommand.prototype.executeInternal_/h::&lt;anonymous class> (file:///var/folders/5v/00sx_6xj55l33ryn3s4xp_q0002ljx/T/anonymous4702326988501347574webdriver-profile/extensions/fxdriver@googlecode.com/components/command-processor.js:11612:16)&#xA;DelayedCommand.prototype.executeInternal_::&lt;anonymous class> (file:///var/folders/5v/00sx_6xj55l33ryn3s4xp_q0002ljx/T/anonymous4702326988501347574webdriver-profile/extensions/fxdriver@googlecode.com/components/command-processor.js:11617:7)&#xA;DelayedCommand.prototype.execute/&lt;::&lt;anonymous class> (file:///var/folders/5v/00sx_6xj55l33ryn3s4xp_q0002ljx/T/anonymous4702326988501347574webdriver-profile/extensions/fxdriver@googlecode.com/components/command-processor.js:11559:5)&#xA;    at parseResponse (/Users/erz/code/marcelerz/preceptor-todomvc/node_modules/cabbie-alpha/lib/connection.js:152:11)&#xA;    at when (/Users/erz/code/marcelerz/preceptor-todomvc/node_modules/cabbie-alpha/lib/when.js:23:12)&#xA;    at Connection.cabbieRequest (/Users/erz/code/marcelerz/preceptor-todomvc/node_modules/cabbie-alpha/lib/connection.js:65:10)&#xA;    at Driver._requestJSON (/Users/erz/code/marcelerz/preceptor-todomvc/node_modules/cabbie-alpha/lib/driver.js:234:27)&#xA;    at Element._requestJSON (/Users/erz/code/marcelerz/preceptor-todomvc/node_modules/cabbie-alpha/lib/element.js:141:23)&#xA;    at Element.getElement (/Users/erz/code/marcelerz/preceptor-todomvc/node_modules/cabbie-alpha/lib/element.js:442:20)&#xA;    at Element.when.try.event.state (/Users/erz/code/marcelerz/preceptor-todomvc/node_modules/cabbie-alpha/lib/log.js:53:21)&#xA;    at Function.whenTry [as try] (/Users/erz/code/marcelerz/preceptor-todomvc/node_modules/cabbie-alpha/lib/when.js:43:11)&#xA;    at Element.result [as getElement] (/Users/erz/code/marcelerz/preceptor-todomvc/node_modules/cabbie-alpha/lib/log.js:48:20)&#xA;    at DriverAdapter.extend.getElement (/Users/erz/code/marcelerz/preceptor-todomvc/node_modules/hodman/lib/driverAdapter/cabbieAdapter.js:97:19)&#xA;    at null.getElement (/Users/erz/code/marcelerz/preceptor-todomvc/node_modules/hodman/node_modules/preceptor-core/lib/utils.js:108:34)&#xA;    at Base.extend.getElement (/Users/erz/code/marcelerz/preceptor-todomvc/node_modules/hodman/lib/pageObjects/baseObject.js:177:29)&#xA;    at null.getElement (/Users/erz/code/marcelerz/preceptor-todomvc/node_modules/hodman/node_modules/preceptor-core/lib/utils.js:108:34)&#xA;    at BasePage.extend.getListView (/Users/erz/code/marcelerz/preceptor-todomvc/tests/ui/lib/pages/todo/index.js:34:36)&#xA;    at null.getListView (/Users/erz/code/marcelerz/preceptor-todomvc/node_modules/hodman/node_modules/preceptor-core/lib/utils.js:108:34)&#xA;    at Context.&lt;anonymous> (/Users/erz/code/marcelerz/preceptor-todomvc/tests/ui/functional/todo/index.js:72:32)&#xA;    at callFn (/Users/erz/code/marcelerz/preceptor-todomvc/node_modules/mocha/lib/runnable.js:249:21)&#xA;    at Test.Runnable.run (/Users/erz/code/marcelerz/preceptor-todomvc/node_modules/mocha/lib/runnable.js:242:7)&#xA;    at Runner.runTest (/Users/erz/code/marcelerz/preceptor-todomvc/node_modules/mocha/lib/runner.js:373:10)&#xA;    at /Users/erz/code/marcelerz/preceptor-todomvc/node_modules/mocha/lib/runner.js:451:12&#xA;    at next (/Users/erz/code/marcelerz/preceptor-todomvc/node_modules/mocha/lib/runner.js:298:14)&#xA;    at /Users/erz/code/marcelerz/preceptor-todomvc/node_modules/mocha/lib/runner.js:308:7&#xA;    at next (/Users/erz/code/marcelerz/preceptor-todomvc/node_modules/mocha/lib/runner.js:246:23)&#xA;    at Object._onImmediate (/Users/erz/code/marcelerz/preceptor-todomvc/node_modules/mocha/lib/runner.js:275:5)&#xA;    at processImmediate [as _immediateCallback] (timers.js:336:15)"/>
            </testcase>
            <testcase name="should have a created label" time="0.399">
              <failure type="Failed command (500):&#xA;Element not found in the cache - perhaps the page has changed since it was looked up&#xA;For documentation on this error, please visit: http://seleniumhq.org/exceptions/stale_element_reference.html&#xA;Build info: version: '2.43.1', revision: '5163bce', time: '2014-09-10 16:27:33'&#xA;System info: host: 'stoketoday-lm', ip: '10.0.1.15', os.name: 'Mac OS X', os.arch: 'x86_64', os.version: '10.9.5', java.version: '1.8.0_31'&#xA;Driver info: driver.version: unknown&#xA;Class: org.openqa.selenium.StaleElementReferenceException&#xA;Stack-trace:&#xA; fxdriver.cache.getElementAt::&lt;anonymous class> (resource://fxdriver/modules/web-element-cache.js:8322:1)&#xA;Utils.getElementAt::&lt;anonymous class> (file:///var/folders/5v/00sx_6xj55l33ryn3s4xp_q0002ljx/T/anonymous4702326988501347574webdriver-profile/extensions/fxdriver@googlecode.com/components/driver-component.js:7922:10)&#xA;FirefoxDriver.prototype.findElementInternal_::&lt;anonymous class> (file:///var/folders/5v/00sx_6xj55l33ryn3s4xp_q0002ljx/T/anonymous4702326988501347574webdriver-profile/extensions/fxdriver@googlecode.com/components/driver-component.js:9608:32)&#xA;FirefoxDriver.prototype.findChildElement::&lt;anonymous class> (file:///var/folders/5v/00sx_6xj55l33ryn3s4xp_q0002ljx/T/anonymous4702326988501347574webdriver-profile/extensions/fxdriver@googlecode.com/components/driver-component.js:9630:3)&#xA;DelayedCommand.prototype.executeInternal_/h::&lt;anonymous class> (file:///var/folders/5v/00sx_6xj55l33ryn3s4xp_q0002ljx/T/anonymous4702326988501347574webdriver-profile/extensions/fxdriver@googlecode.com/components/command-processor.js:11612:16)&#xA;DelayedCommand.prototype.executeInternal_::&lt;anonymous class> (file:///var/folders/5v/00sx_6xj55l33ryn3s4xp_q0002ljx/T/anonymous4702326988501347574webdriver-profile/extensions/fxdriver@googlecode.com/components/command-processor.js:11617:7)&#xA;DelayedCommand.prototype.execute/&lt;::&lt;anonymous class> (file:///var/folders/5v/00sx_6xj55l33ryn3s4xp_q0002ljx/T/anonymous4702326988501347574webdriver-profile/extensions/fxdriver@googlecode.com/components/command-processor.js:11559:5)" message="Error: Failed command (500):&#xA;Element not found in the cache - perhaps the page has changed since it was looked up&#xA;For documentation on this error, please visit: http://seleniumhq.org/exceptions/stale_element_reference.html&#xA;Build info: version: '2.43.1', revision: '5163bce', time: '2014-09-10 16:27:33'&#xA;System info: host: 'stoketoday-lm', ip: '10.0.1.15', os.name: 'Mac OS X', os.arch: 'x86_64', os.version: '10.9.5', java.version: '1.8.0_31'&#xA;Driver info: driver.version: unknown&#xA;Class: org.openqa.selenium.StaleElementReferenceException&#xA;Stack-trace:&#xA; fxdriver.cache.getElementAt::&lt;anonymous class> (resource://fxdriver/modules/web-element-cache.js:8322:1)&#xA;Utils.getElementAt::&lt;anonymous class> (file:///var/folders/5v/00sx_6xj55l33ryn3s4xp_q0002ljx/T/anonymous4702326988501347574webdriver-profile/extensions/fxdriver@googlecode.com/components/driver-component.js:7922:10)&#xA;FirefoxDriver.prototype.findElementInternal_::&lt;anonymous class> (file:///var/folders/5v/00sx_6xj55l33ryn3s4xp_q0002ljx/T/anonymous4702326988501347574webdriver-profile/extensions/fxdriver@googlecode.com/components/driver-component.js:9608:32)&#xA;FirefoxDriver.prototype.findChildElement::&lt;anonymous class> (file:///var/folders/5v/00sx_6xj55l33ryn3s4xp_q0002ljx/T/anonymous4702326988501347574webdriver-profile/extensions/fxdriver@googlecode.com/components/driver-component.js:9630:3)&#xA;DelayedCommand.prototype.executeInternal_/h::&lt;anonymous class> (file:///var/folders/5v/00sx_6xj55l33ryn3s4xp_q0002ljx/T/anonymous4702326988501347574webdriver-profile/extensions/fxdriver@googlecode.com/components/command-processor.js:11612:16)&#xA;DelayedCommand.prototype.executeInternal_::&lt;anonymous class> (file:///var/folders/5v/00sx_6xj55l33ryn3s4xp_q0002ljx/T/anonymous4702326988501347574webdriver-profile/extensions/fxdriver@googlecode.com/components/command-processor.js:11617:7)&#xA;DelayedCommand.prototype.execute/&lt;::&lt;anonymous class> (file:///var/folders/5v/00sx_6xj55l33ryn3s4xp_q0002ljx/T/anonymous4702326988501347574webdriver-profile/extensions/fxdriver@googlecode.com/components/command-processor.js:11559:5)&#xA;    at parseResponse (/Users/erz/code/marcelerz/preceptor-todomvc/node_modules/cabbie-alpha/lib/connection.js:152:11)&#xA;    at when (/Users/erz/code/marcelerz/preceptor-todomvc/node_modules/cabbie-alpha/lib/when.js:23:12)&#xA;    at Connection.cabbieRequest (/Users/erz/code/marcelerz/preceptor-todomvc/node_modules/cabbie-alpha/lib/connection.js:65:10)&#xA;    at Driver._requestJSON (/Users/erz/code/marcelerz/preceptor-todomvc/node_modules/cabbie-alpha/lib/driver.js:234:27)&#xA;    at Element._requestJSON (/Users/erz/code/marcelerz/preceptor-todomvc/node_modules/cabbie-alpha/lib/element.js:141:23)&#xA;    at Element.getElement (/Users/erz/code/marcelerz/preceptor-todomvc/node_modules/cabbie-alpha/lib/element.js:442:20)&#xA;    at Element.when.try.event.state (/Users/erz/code/marcelerz/preceptor-todomvc/node_modules/cabbie-alpha/lib/log.js:53:21)&#xA;    at Function.whenTry [as try] (/Users/erz/code/marcelerz/preceptor-todomvc/node_modules/cabbie-alpha/lib/when.js:43:11)&#xA;    at Element.result [as getElement] (/Users/erz/code/marcelerz/preceptor-todomvc/node_modules/cabbie-alpha/lib/log.js:48:20)&#xA;    at DriverAdapter.extend.getElement (/Users/erz/code/marcelerz/preceptor-todomvc/node_modules/hodman/lib/driverAdapter/cabbieAdapter.js:97:19)&#xA;    at null.getElement (/Users/erz/code/marcelerz/preceptor-todomvc/node_modules/hodman/node_modules/preceptor-core/lib/utils.js:108:34)&#xA;    at Base.extend.getElement (/Users/erz/code/marcelerz/preceptor-todomvc/node_modules/hodman/lib/pageObjects/baseObject.js:177:29)&#xA;    at null.getElement (/Users/erz/code/marcelerz/preceptor-todomvc/node_modules/hodman/node_modules/preceptor-core/lib/utils.js:108:34)&#xA;    at BasePage.extend.getListView (/Users/erz/code/marcelerz/preceptor-todomvc/tests/ui/lib/pages/todo/index.js:34:36)&#xA;    at null.getListView (/Users/erz/code/marcelerz/preceptor-todomvc/node_modules/hodman/node_modules/preceptor-core/lib/utils.js:108:34)&#xA;    at Context.&lt;anonymous> (/Users/erz/code/marcelerz/preceptor-todomvc/tests/ui/functional/todo/index.js:76:29)&#xA;    at callFn (/Users/erz/code/marcelerz/preceptor-todomvc/node_modules/mocha/lib/runnable.js:249:21)&#xA;    at Test.Runnable.run (/Users/erz/code/marcelerz/preceptor-todomvc/node_modules/mocha/lib/runnable.js:242:7)&#xA;    at Runner.runTest (/Users/erz/code/marcelerz/preceptor-todomvc/node_modules/mocha/lib/runner.js:373:10)&#xA;    at /Users/erz/code/marcelerz/preceptor-todomvc/node_modules/mocha/lib/runner.js:451:12&#xA;    at next (/Users/erz/code/marcelerz/preceptor-todomvc/node_modules/mocha/lib/runner.js:298:14)&#xA;    at /Users/erz/code/marcelerz/preceptor-todomvc/node_modules/mocha/lib/runner.js:308:7&#xA;    at next (/Users/erz/code/marcelerz/preceptor-todomvc/node_modules/mocha/lib/runner.js:246:23)&#xA;    at Object._onImmediate (/Users/erz/code/marcelerz/preceptor-todomvc/node_modules/mocha/lib/runner.js:275:5)&#xA;    at processImmediate [as _immediateCallback] (timers.js:336:15)"/>
            </testcase>
            <testcase name="should not be completed" time="0.392">
              <failure type="Failed command (500):&#xA;Element not found in the cache - perhaps the page has changed since it was looked up&#xA;For documentation on this error, please visit: http://seleniumhq.org/exceptions/stale_element_reference.html&#xA;Build info: version: '2.43.1', revision: '5163bce', time: '2014-09-10 16:27:33'&#xA;System info: host: 'stoketoday-lm', ip: '10.0.1.15', os.name: 'Mac OS X', os.arch: 'x86_64', os.version: '10.9.5', java.version: '1.8.0_31'&#xA;Driver info: driver.version: unknown&#xA;Class: org.openqa.selenium.StaleElementReferenceException&#xA;Stack-trace:&#xA; fxdriver.cache.getElementAt::&lt;anonymous class> (resource://fxdriver/modules/web-element-cache.js:8322:1)&#xA;Utils.getElementAt::&lt;anonymous class> (file:///var/folders/5v/00sx_6xj55l33ryn3s4xp_q0002ljx/T/anonymous4702326988501347574webdriver-profile/extensions/fxdriver@googlecode.com/components/driver-component.js:7922:10)&#xA;FirefoxDriver.prototype.findElementInternal_::&lt;anonymous class> (file:///var/folders/5v/00sx_6xj55l33ryn3s4xp_q0002ljx/T/anonymous4702326988501347574webdriver-profile/extensions/fxdriver@googlecode.com/components/driver-component.js:9608:32)&#xA;FirefoxDriver.prototype.findChildElement::&lt;anonymous class> (file:///var/folders/5v/00sx_6xj55l33ryn3s4xp_q0002ljx/T/anonymous4702326988501347574webdriver-profile/extensions/fxdriver@googlecode.com/components/driver-component.js:9630:3)&#xA;DelayedCommand.prototype.executeInternal_/h::&lt;anonymous class> (file:///var/folders/5v/00sx_6xj55l33ryn3s4xp_q0002ljx/T/anonymous4702326988501347574webdriver-profile/extensions/fxdriver@googlecode.com/components/command-processor.js:11612:16)&#xA;DelayedCommand.prototype.executeInternal_::&lt;anonymous class> (file:///var/folders/5v/00sx_6xj55l33ryn3s4xp_q0002ljx/T/anonymous4702326988501347574webdriver-profile/extensions/fxdriver@googlecode.com/components/command-processor.js:11617:7)&#xA;DelayedCommand.prototype.execute/&lt;::&lt;anonymous class> (file:///var/folders/5v/00sx_6xj55l33ryn3s4xp_q0002ljx/T/anonymous4702326988501347574webdriver-profile/extensions/fxdriver@googlecode.com/components/command-processor.js:11559:5)" message="Error: Failed command (500):&#xA;Element not found in the cache - perhaps the page has changed since it was looked up&#xA;For documentation on this error, please visit: http://seleniumhq.org/exceptions/stale_element_reference.html&#xA;Build info: version: '2.43.1', revision: '5163bce', time: '2014-09-10 16:27:33'&#xA;System info: host: 'stoketoday-lm', ip: '10.0.1.15', os.name: 'Mac OS X', os.arch: 'x86_64', os.version: '10.9.5', java.version: '1.8.0_31'&#xA;Driver info: driver.version: unknown&#xA;Class: org.openqa.selenium.StaleElementReferenceException&#xA;Stack-trace:&#xA; fxdriver.cache.getElementAt::&lt;anonymous class> (resource://fxdriver/modules/web-element-cache.js:8322:1)&#xA;Utils.getElementAt::&lt;anonymous class> (file:///var/folders/5v/00sx_6xj55l33ryn3s4xp_q0002ljx/T/anonymous4702326988501347574webdriver-profile/extensions/fxdriver@googlecode.com/components/driver-component.js:7922:10)&#xA;FirefoxDriver.prototype.findElementInternal_::&lt;anonymous class> (file:///var/folders/5v/00sx_6xj55l33ryn3s4xp_q0002ljx/T/anonymous4702326988501347574webdriver-profile/extensions/fxdriver@googlecode.com/components/driver-component.js:9608:32)&#xA;FirefoxDriver.prototype.findChildElement::&lt;anonymous class> (file:///var/folders/5v/00sx_6xj55l33ryn3s4xp_q0002ljx/T/anonymous4702326988501347574webdriver-profile/extensions/fxdriver@googlecode.com/components/driver-component.js:9630:3)&#xA;DelayedCommand.prototype.executeInternal_/h::&lt;anonymous class> (file:///var/folders/5v/00sx_6xj55l33ryn3s4xp_q0002ljx/T/anonymous4702326988501347574webdriver-profile/extensions/fxdriver@googlecode.com/components/command-processor.js:11612:16)&#xA;DelayedCommand.prototype.executeInternal_::&lt;anonymous class> (file:///var/folders/5v/00sx_6xj55l33ryn3s4xp_q0002ljx/T/anonymous4702326988501347574webdriver-profile/extensions/fxdriver@googlecode.com/components/command-processor.js:11617:7)&#xA;DelayedCommand.prototype.execute/&lt;::&lt;anonymous class> (file:///var/folders/5v/00sx_6xj55l33ryn3s4xp_q0002ljx/T/anonymous4702326988501347574webdriver-profile/extensions/fxdriver@googlecode.com/components/command-processor.js:11559:5)&#xA;    at parseResponse (/Users/erz/code/marcelerz/preceptor-todomvc/node_modules/cabbie-alpha/lib/connection.js:152:11)&#xA;    at when (/Users/erz/code/marcelerz/preceptor-todomvc/node_modules/cabbie-alpha/lib/when.js:23:12)&#xA;    at Connection.cabbieRequest (/Users/erz/code/marcelerz/preceptor-todomvc/node_modules/cabbie-alpha/lib/connection.js:65:10)&#xA;    at Driver._requestJSON (/Users/erz/code/marcelerz/preceptor-todomvc/node_modules/cabbie-alpha/lib/driver.js:234:27)&#xA;    at Element._requestJSON (/Users/erz/code/marcelerz/preceptor-todomvc/node_modules/cabbie-alpha/lib/element.js:141:23)&#xA;    at Element.getElement (/Users/erz/code/marcelerz/preceptor-todomvc/node_modules/cabbie-alpha/lib/element.js:442:20)&#xA;    at Element.when.try.event.state (/Users/erz/code/marcelerz/preceptor-todomvc/node_modules/cabbie-alpha/lib/log.js:53:21)&#xA;    at Function.whenTry [as try] (/Users/erz/code/marcelerz/preceptor-todomvc/node_modules/cabbie-alpha/lib/when.js:43:11)&#xA;    at Element.result [as getElement] (/Users/erz/code/marcelerz/preceptor-todomvc/node_modules/cabbie-alpha/lib/log.js:48:20)&#xA;    at DriverAdapter.extend.getElement (/Users/erz/code/marcelerz/preceptor-todomvc/node_modules/hodman/lib/driverAdapter/cabbieAdapter.js:97:19)&#xA;    at null.getElement (/Users/erz/code/marcelerz/preceptor-todomvc/node_modules/hodman/node_modules/preceptor-core/lib/utils.js:108:34)&#xA;    at Base.extend.getElement (/Users/erz/code/marcelerz/preceptor-todomvc/node_modules/hodman/lib/pageObjects/baseObject.js:177:29)&#xA;    at null.getElement (/Users/erz/code/marcelerz/preceptor-todomvc/node_modules/hodman/node_modules/preceptor-core/lib/utils.js:108:34)&#xA;    at BasePage.extend.getListView (/Users/erz/code/marcelerz/preceptor-todomvc/tests/ui/lib/pages/todo/index.js:34:36)&#xA;    at null.getListView (/Users/erz/code/marcelerz/preceptor-todomvc/node_modules/hodman/node_modules/preceptor-core/lib/utils.js:108:34)&#xA;    at Context.&lt;anonymous> (/Users/erz/code/marcelerz/preceptor-todomvc/tests/ui/functional/todo/index.js:80:30)&#xA;    at callFn (/Users/erz/code/marcelerz/preceptor-todomvc/node_modules/mocha/lib/runnable.js:249:21)&#xA;    at Test.Runnable.run (/Users/erz/code/marcelerz/preceptor-todomvc/node_modules/mocha/lib/runnable.js:242:7)&#xA;    at Runner.runTest (/Users/erz/code/marcelerz/preceptor-todomvc/node_modules/mocha/lib/runner.js:373:10)&#xA;    at /Users/erz/code/marcelerz/preceptor-todomvc/node_modules/mocha/lib/runner.js:451:12&#xA;    at next (/Users/erz/code/marcelerz/preceptor-todomvc/node_modules/mocha/lib/runner.js:298:14)&#xA;    at /Users/erz/code/marcelerz/preceptor-todomvc/node_modules/mocha/lib/runner.js:308:7&#xA;    at next (/Users/erz/code/marcelerz/preceptor-todomvc/node_modules/mocha/lib/runner.js:246:23)&#xA;    at Object._onImmediate (/Users/erz/code/marcelerz/preceptor-todomvc/node_modules/mocha/lib/runner.js:275:5)&#xA;    at processImmediate [as _immediateCallback] (timers.js:336:15)"/>
            </testcase>
            <testcase name="should not have a completed label" time="0.396">
              <failure type="Failed command (500):&#xA;Element not found in the cache - perhaps the page has changed since it was looked up&#xA;For documentation on this error, please visit: http://seleniumhq.org/exceptions/stale_element_reference.html&#xA;Build info: version: '2.43.1', revision: '5163bce', time: '2014-09-10 16:27:33'&#xA;System info: host: 'stoketoday-lm', ip: '10.0.1.15', os.name: 'Mac OS X', os.arch: 'x86_64', os.version: '10.9.5', java.version: '1.8.0_31'&#xA;Driver info: driver.version: unknown&#xA;Class: org.openqa.selenium.StaleElementReferenceException&#xA;Stack-trace:&#xA; fxdriver.cache.getElementAt::&lt;anonymous class> (resource://fxdriver/modules/web-element-cache.js:8322:1)&#xA;Utils.getElementAt::&lt;anonymous class> (file:///var/folders/5v/00sx_6xj55l33ryn3s4xp_q0002ljx/T/anonymous4702326988501347574webdriver-profile/extensions/fxdriver@googlecode.com/components/driver-component.js:7922:10)&#xA;FirefoxDriver.prototype.findElementInternal_::&lt;anonymous class> (file:///var/folders/5v/00sx_6xj55l33ryn3s4xp_q0002ljx/T/anonymous4702326988501347574webdriver-profile/extensions/fxdriver@googlecode.com/components/driver-component.js:9608:32)&#xA;FirefoxDriver.prototype.findChildElement::&lt;anonymous class> (file:///var/folders/5v/00sx_6xj55l33ryn3s4xp_q0002ljx/T/anonymous4702326988501347574webdriver-profile/extensions/fxdriver@googlecode.com/components/driver-component.js:9630:3)&#xA;DelayedCommand.prototype.executeInternal_/h::&lt;anonymous class> (file:///var/folders/5v/00sx_6xj55l33ryn3s4xp_q0002ljx/T/anonymous4702326988501347574webdriver-profile/extensions/fxdriver@googlecode.com/components/command-processor.js:11612:16)&#xA;DelayedCommand.prototype.executeInternal_::&lt;anonymous class> (file:///var/folders/5v/00sx_6xj55l33ryn3s4xp_q0002ljx/T/anonymous4702326988501347574webdriver-profile/extensions/fxdriver@googlecode.com/components/command-processor.js:11617:7)&#xA;DelayedCommand.prototype.execute/&lt;::&lt;anonymous class> (file:///var/folders/5v/00sx_6xj55l33ryn3s4xp_q0002ljx/T/anonymous4702326988501347574webdriver-profile/extensions/fxdriver@googlecode.com/components/command-processor.js:11559:5)" message="Error: Failed command (500):&#xA;Element not found in the cache - perhaps the page has changed since it was looked up&#xA;For documentation on this error, please visit: http://seleniumhq.org/exceptions/stale_element_reference.html&#xA;Build info: version: '2.43.1', revision: '5163bce', time: '2014-09-10 16:27:33'&#xA;System info: host: 'stoketoday-lm', ip: '10.0.1.15', os.name: 'Mac OS X', os.arch: 'x86_64', os.version: '10.9.5', java.version: '1.8.0_31'&#xA;Driver info: driver.version: unknown&#xA;Class: org.openqa.selenium.StaleElementReferenceException&#xA;Stack-trace:&#xA; fxdriver.cache.getElementAt::&lt;anonymous class> (resource://fxdriver/modules/web-element-cache.js:8322:1)&#xA;Utils.getElementAt::&lt;anonymous class> (file:///var/folders/5v/00sx_6xj55l33ryn3s4xp_q0002ljx/T/anonymous4702326988501347574webdriver-profile/extensions/fxdriver@googlecode.com/components/driver-component.js:7922:10)&#xA;FirefoxDriver.prototype.findElementInternal_::&lt;anonymous class> (file:///var/folders/5v/00sx_6xj55l33ryn3s4xp_q0002ljx/T/anonymous4702326988501347574webdriver-profile/extensions/fxdriver@googlecode.com/components/driver-component.js:9608:32)&#xA;FirefoxDriver.prototype.findChildElement::&lt;anonymous class> (file:///var/folders/5v/00sx_6xj55l33ryn3s4xp_q0002ljx/T/anonymous4702326988501347574webdriver-profile/extensions/fxdriver@googlecode.com/components/driver-component.js:9630:3)&#xA;DelayedCommand.prototype.executeInternal_/h::&lt;anonymous class> (file:///var/folders/5v/00sx_6xj55l33ryn3s4xp_q0002ljx/T/anonymous4702326988501347574webdriver-profile/extensions/fxdriver@googlecode.com/components/command-processor.js:11612:16)&#xA;DelayedCommand.prototype.executeInternal_::&lt;anonymous class> (file:///var/folders/5v/00sx_6xj55l33ryn3s4xp_q0002ljx/T/anonymous4702326988501347574webdriver-profile/extensions/fxdriver@googlecode.com/components/command-processor.js:11617:7)&#xA;DelayedCommand.prototype.execute/&lt;::&lt;anonymous class> (file:///var/folders/5v/00sx_6xj55l33ryn3s4xp_q0002ljx/T/anonymous4702326988501347574webdriver-profile/extensions/fxdriver@googlecode.com/components/command-processor.js:11559:5)&#xA;    at parseResponse (/Users/erz/code/marcelerz/preceptor-todomvc/node_modules/cabbie-alpha/lib/connection.js:152:11)&#xA;    at when (/Users/erz/code/marcelerz/preceptor-todomvc/node_modules/cabbie-alpha/lib/when.js:23:12)&#xA;    at Connection.cabbieRequest (/Users/erz/code/marcelerz/preceptor-todomvc/node_modules/cabbie-alpha/lib/connection.js:65:10)&#xA;    at Driver._requestJSON (/Users/erz/code/marcelerz/preceptor-todomvc/node_modules/cabbie-alpha/lib/driver.js:234:27)&#xA;    at Element._requestJSON (/Users/erz/code/marcelerz/preceptor-todomvc/node_modules/cabbie-alpha/lib/element.js:141:23)&#xA;    at Element.getElement (/Users/erz/code/marcelerz/preceptor-todomvc/node_modules/cabbie-alpha/lib/element.js:442:20)&#xA;    at Element.when.try.event.state (/Users/erz/code/marcelerz/preceptor-todomvc/node_modules/cabbie-alpha/lib/log.js:53:21)&#xA;    at Function.whenTry [as try] (/Users/erz/code/marcelerz/preceptor-todomvc/node_modules/cabbie-alpha/lib/when.js:43:11)&#xA;    at Element.result [as getElement] (/Users/erz/code/marcelerz/preceptor-todomvc/node_modules/cabbie-alpha/lib/log.js:48:20)&#xA;    at DriverAdapter.extend.getElement (/Users/erz/code/marcelerz/preceptor-todomvc/node_modules/hodman/lib/driverAdapter/cabbieAdapter.js:97:19)&#xA;    at null.getElement (/Users/erz/code/marcelerz/preceptor-todomvc/node_modules/hodman/node_modules/preceptor-core/lib/utils.js:108:34)&#xA;    at Base.extend.getElement (/Users/erz/code/marcelerz/preceptor-todomvc/node_modules/hodman/lib/pageObjects/baseObject.js:177:29)&#xA;    at null.getElement (/Users/erz/code/marcelerz/preceptor-todomvc/node_modules/hodman/node_modules/preceptor-core/lib/utils.js:108:34)&#xA;    at BasePage.extend.getListView (/Users/erz/code/marcelerz/preceptor-todomvc/tests/ui/lib/pages/todo/index.js:34:36)&#xA;    at null.getListView (/Users/erz/code/marcelerz/preceptor-todomvc/node_modules/hodman/node_modules/preceptor-core/lib/utils.js:108:34)&#xA;    at Context.&lt;anonymous> (/Users/erz/code/marcelerz/preceptor-todomvc/tests/ui/functional/todo/index.js:84:30)&#xA;    at callFn (/Users/erz/code/marcelerz/preceptor-todomvc/node_modules/mocha/lib/runnable.js:249:21)&#xA;    at Test.Runnable.run (/Users/erz/code/marcelerz/preceptor-todomvc/node_modules/mocha/lib/runnable.js:242:7)&#xA;    at Runner.runTest (/Users/erz/code/marcelerz/preceptor-todomvc/node_modules/mocha/lib/runner.js:373:10)&#xA;    at /Users/erz/code/marcelerz/preceptor-todomvc/node_modules/mocha/lib/runner.js:451:12&#xA;    at next (/Users/erz/code/marcelerz/preceptor-todomvc/node_modules/mocha/lib/runner.js:298:14)&#xA;    at /Users/erz/code/marcelerz/preceptor-todomvc/node_modules/mocha/lib/runner.js:308:7&#xA;    at next (/Users/erz/code/marcelerz/preceptor-todomvc/node_modules/mocha/lib/runner.js:246:23)&#xA;    at Object._onImmediate (/Users/erz/code/marcelerz/preceptor-todomvc/node_modules/mocha/lib/runner.js:275:5)&#xA;    at processImmediate [as _immediateCallback] (timers.js:336:15)"/>
            </testcase>
          </testsuite>
          <testsuite name="Modify entry" time="2.676" tests="5" failures="0" disabled="0" skipped="0" errors="0" hostname="stoketoday-lm" timestamp="2015-02-09T11:27:52.870Z">
            <testcase name="should be able to modify a todo" time="0.294"/>
            <testcase name="modified entry appearance" time="2.238"/>
            <testcase name="should have left edit-mode" time="0.046"/>
            <testcase name="should have the correct label" time="0.049"/>
            <testcase name="should have a created label" time="0.048"/>
          </testsuite>
          <testsuite name="Complete entry" time="1.767" tests="5" failures="0" disabled="0" skipped="0" errors="0" hostname="stoketoday-lm" timestamp="2015-02-09T11:27:55.546Z">
            <testcase name="should complete the entry" time="0.126"/>
            <testcase name="completed entry appearance" time="1.475"/>
            <testcase name="should be able to clear completed items" time="0.051"/>
            <testcase name="should have no item left" time="0.058"/>
            <testcase name="should have a completed label" time="0.057"/>
          </testsuite>
          <testsuite name="Incomplete entry" time="2.276" tests="4" failures="1" disabled="0" skipped="0" errors="0" hostname="stoketoday-lm" timestamp="2015-02-09T11:27:57.313Z">
            <testcase name="should incomplete the entry" time="0.139"/>
            <testcase name="should not be able to clear completed items" time="0.986">
              <failure type="Failed command (500):&#xA;Element not found in the cache - perhaps the page has changed since it was looked up&#xA;For documentation on this error, please visit: http://seleniumhq.org/exceptions/stale_element_reference.html&#xA;Build info: version: '2.43.1', revision: '5163bce', time: '2014-09-10 16:27:33'&#xA;System info: host: 'stoketoday-lm', ip: '10.0.1.15', os.name: 'Mac OS X', os.arch: 'x86_64', os.version: '10.9.5', java.version: '1.8.0_31'&#xA;Driver info: driver.version: unknown&#xA;Class: org.openqa.selenium.StaleElementReferenceException&#xA;Stack-trace:&#xA; fxdriver.cache.getElementAt::&lt;anonymous class> (resource://fxdriver/modules/web-element-cache.js:8322:1)&#xA;Utils.getElementAt::&lt;anonymous class> (file:///var/folders/5v/00sx_6xj55l33ryn3s4xp_q0002ljx/T/anonymous4702326988501347574webdriver-profile/extensions/fxdriver@googlecode.com/components/driver-component.js:7922:10)&#xA;FirefoxDriver.prototype.findElementsInternal_::&lt;anonymous class> (file:///var/folders/5v/00sx_6xj55l33ryn3s4xp_q0002ljx/T/anonymous4702326988501347574webdriver-profile/extensions/fxdriver@googlecode.com/components/driver-component.js:9636:32)&#xA;fxdriver.Timer.prototype.setTimeout/&lt;.notify::&lt;anonymous class> (file:///var/folders/5v/00sx_6xj55l33ryn3s4xp_q0002ljx/T/anonymous4702326988501347574webdriver-profile/extensions/fxdriver@googlecode.com/components/driver-component.js:548:5)" message="Error: Failed command (500):&#xA;Element not found in the cache - perhaps the page has changed since it was looked up&#xA;For documentation on this error, please visit: http://seleniumhq.org/exceptions/stale_element_reference.html&#xA;Build info: version: '2.43.1', revision: '5163bce', time: '2014-09-10 16:27:33'&#xA;System info: host: 'stoketoday-lm', ip: '10.0.1.15', os.name: 'Mac OS X', os.arch: 'x86_64', os.version: '10.9.5', java.version: '1.8.0_31'&#xA;Driver info: driver.version: unknown&#xA;Class: org.openqa.selenium.StaleElementReferenceException&#xA;Stack-trace:&#xA; fxdriver.cache.getElementAt::&lt;anonymous class> (resource://fxdriver/modules/web-element-cache.js:8322:1)&#xA;Utils.getElementAt::&lt;anonymous class> (file:///var/folders/5v/00sx_6xj55l33ryn3s4xp_q0002ljx/T/anonymous4702326988501347574webdriver-profile/extensions/fxdriver@googlecode.com/components/driver-component.js:7922:10)&#xA;FirefoxDriver.prototype.findElementsInternal_::&lt;anonymous class> (file:///var/folders/5v/00sx_6xj55l33ryn3s4xp_q0002ljx/T/anonymous4702326988501347574webdriver-profile/extensions/fxdriver@googlecode.com/components/driver-component.js:9636:32)&#xA;fxdriver.Timer.prototype.setTimeout/&lt;.notify::&lt;anonymous class> (file:///var/folders/5v/00sx_6xj55l33ryn3s4xp_q0002ljx/T/anonymous4702326988501347574webdriver-profile/extensions/fxdriver@googlecode.com/components/driver-component.js:548:5)&#xA;    at parseResponse (/Users/erz/code/marcelerz/preceptor-todomvc/node_modules/cabbie-alpha/lib/connection.js:152:11)&#xA;    at when (/Users/erz/code/marcelerz/preceptor-todomvc/node_modules/cabbie-alpha/lib/when.js:23:12)&#xA;    at Connection.cabbieRequest (/Users/erz/code/marcelerz/preceptor-todomvc/node_modules/cabbie-alpha/lib/connection.js:65:10)&#xA;    at Driver._requestJSON (/Users/erz/code/marcelerz/preceptor-todomvc/node_modules/cabbie-alpha/lib/driver.js:234:27)&#xA;    at Element._requestJSON (/Users/erz/code/marcelerz/preceptor-todomvc/node_modules/cabbie-alpha/lib/element.js:141:23)&#xA;    at Element.getElements (/Users/erz/code/marcelerz/preceptor-todomvc/node_modules/cabbie-alpha/lib/element.js:462:20)&#xA;    at Element.when.try.event.state (/Users/erz/code/marcelerz/preceptor-todomvc/node_modules/cabbie-alpha/lib/log.js:53:21)&#xA;    at Function.whenTry [as try] (/Users/erz/code/marcelerz/preceptor-todomvc/node_modules/cabbie-alpha/lib/when.js:43:11)&#xA;    at Element.result [as getElements] (/Users/erz/code/marcelerz/preceptor-todomvc/node_modules/cabbie-alpha/lib/log.js:48:20)&#xA;    at DriverAdapter.extend.getElements (/Users/erz/code/marcelerz/preceptor-todomvc/node_modules/hodman/lib/driverAdapter/cabbieAdapter.js:110:19)&#xA;    at null.getElements (/Users/erz/code/marcelerz/preceptor-todomvc/node_modules/hodman/node_modules/preceptor-core/lib/utils.js:108:34)&#xA;    at Base.extend.hasElement (/Users/erz/code/marcelerz/preceptor-todomvc/node_modules/hodman/lib/pageObjects/baseObject.js:191:30)&#xA;    at null.hasElement (/Users/erz/code/marcelerz/preceptor-todomvc/node_modules/hodman/node_modules/preceptor-core/lib/utils.js:108:34)&#xA;    at PanelObject.extend.canClearCompleted (/Users/erz/code/marcelerz/preceptor-todomvc/tests/ui/lib/pages/application/footer.js:52:19)&#xA;    at null.canClearCompleted (/Users/erz/code/marcelerz/preceptor-todomvc/node_modules/hodman/node_modules/preceptor-core/lib/utils.js:108:34)&#xA;    at Context.&lt;anonymous> (/Users/erz/code/marcelerz/preceptor-todomvc/tests/ui/functional/todo/index.js:146:49)&#xA;    at callFn (/Users/erz/code/marcelerz/preceptor-todomvc/node_modules/mocha/lib/runnable.js:249:21)&#xA;    at Test.Runnable.run (/Users/erz/code/marcelerz/preceptor-todomvc/node_modules/mocha/lib/runnable.js:242:7)&#xA;    at Runner.runTest (/Users/erz/code/marcelerz/preceptor-todomvc/node_modules/mocha/lib/runner.js:373:10)&#xA;    at /Users/erz/code/marcelerz/preceptor-todomvc/node_modules/mocha/lib/runner.js:451:12&#xA;    at next (/Users/erz/code/marcelerz/preceptor-todomvc/node_modules/mocha/lib/runner.js:298:14)&#xA;    at /Users/erz/code/marcelerz/preceptor-todomvc/node_modules/mocha/lib/runner.js:308:7&#xA;    at next (/Users/erz/code/marcelerz/preceptor-todomvc/node_modules/mocha/lib/runner.js:246:23)&#xA;    at Object._onImmediate (/Users/erz/code/marcelerz/preceptor-todomvc/node_modules/mocha/lib/runner.js:275:5)&#xA;    at processImmediate [as _immediateCallback] (timers.js:336:15)"/>
            </testcase>
            <testcase name="should have one item left" time="0.109"/>
            <testcase name="should not have a completed label" time="1.042"/>
          </testsuite>
          <testsuite name="Delete" time="7.768" tests="5" failures="0" disabled="0" skipped="0" errors="0" hostname="stoketoday-lm" timestamp="2015-02-09T11:27:59.589Z">
            <testsuite name="Active entry" time="5.342" tests="3" failures="0" disabled="0" skipped="0" errors="0" hostname="stoketoday-lm" timestamp="2015-02-09T11:27:59.589Z">
              <testcase name="should delete an active entry" time="0.106"/>
              <testcase name="should not have a footer" time="2.021"/>
              <testcase name="deleted entry appearance" time="3.213"/>
            </testsuite>
            <testsuite name="Completed entry" time="2.426" tests="2" failures="0" disabled="0" skipped="0" errors="0" hostname="stoketoday-lm" timestamp="2015-02-09T11:28:04.931Z">
              <testcase name="should delete a completed entry" time="0.119"/>
              <testcase name="should not have a footer" time="2.027"/>
            </testsuite>
          </testsuite>
          <testsuite name="Create multiple entries" time="4.125" tests="10" failures="0" disabled="0" skipped="0" errors="0" hostname="stoketoday-lm" timestamp="2015-02-09T11:28:07.357Z">
            <testcase name="should be able to create a single todo" time="1.737"/>
            <testcase name="should have a footer" time="0.026"/>
            <testcase name="should have the &quot;all&quot;-filter selected by default" time="0.042"/>
            <testcase name="should not be able to clear completed items" time="1.066"/>
            <testcase name="should have one item left" time="0.053"/>
            <testcase name="should not be in edit-mode" time="0.046"/>
            <testcase name="should have the correct label" time="0.044"/>
            <testcase name="should have a created label" time="0.044"/>
            <testcase name="should not be completed" time="0.031"/>
            <testcase name="should not have a completed label" time="1.034"/>
          </testsuite>
          <testsuite name="Complete and clear entry" time="1.318" tests="3" failures="0" disabled="0" skipped="0" errors="0" hostname="stoketoday-lm" timestamp="2015-02-09T11:28:11.483Z">
            <testcase name="should complete an entry" time="0.137"/>
            <testcase name="should be able to clear completed items" time="0.043"/>
            <testcase name="should clear completed items" time="1.136"/>
          </testsuite>
          <testsuite name="Complete multiple entries" time="14.186" tests="17" failures="0" disabled="0" skipped="0" errors="0" hostname="stoketoday-lm" timestamp="2015-02-09T11:28:12.801Z">
            <testcase name="should complete entries" time="0.295"/>
            <testcase name="complete entries appearance" time="3.543"/>
            <testcase name="should be able to clear completed items" time="0.034"/>
            <testcase name="should have two items left" time="0.039"/>
            <testsuite name="Active-filter" time="3.653" tests="5" failures="0" disabled="0" skipped="0" errors="0" hostname="stoketoday-lm" timestamp="2015-02-09T11:28:16.712Z">
              <testcase name="should switch filter to &quot;active&quot;" time="0.211"/>
              <testcase name="active-filter appearance" time="3.332"/>
              <testcase name="should show two entries" time="0.034"/>
              <testcase name="should not show completed entries" time="0.031"/>
              <testcase name="should display items in correct order" time="0.044"/>
            </testsuite>
            <testsuite name="Completed-filter" time="2.374" tests="5" failures="0" disabled="0" skipped="0" errors="0" hostname="stoketoday-lm" timestamp="2015-02-09T11:28:20.365Z">
              <testcase name="should switch filter to &quot;completed&quot;" time="0.164"/>
              <testcase name="completed-filter appearance" time="2.075"/>
              <testcase name="should show three entries" time="0.033"/>
              <testcase name="should show completed entries" time="0.045"/>
              <testcase name="should display items in correct order" time="0.054"/>
            </testsuite>
            <testsuite name="All-filter" time="4.248" tests="3" failures="0" disabled="0" skipped="0" errors="0" hostname="stoketoday-lm" timestamp="2015-02-09T11:28:22.739Z">
              <testcase name="should switch filter to &quot;all&quot;" time="0.263"/>
              <testcase name="all-filter appearance" time="3.954"/>
              <testcase name="should show five entries" time="0.031"/>
            </testsuite>
          </testsuite>
        </testsuite>
      </testsuite>
    </testsuite>
  </testsuite>
  <testsuite name="Visual regression tests" time="4.511" tests="46" failures="9" disabled="0" skipped="0" errors="0" hostname="stoketoday-lm" timestamp="2015-02-09T11:28:29.069Z">
    <testcase name="initialize tests" time="0"/>
    <testsuite name="Kobold" time="4.031" tests="45" failures="9" disabled="0" skipped="0" errors="0" hostname="stoketoday-lm" timestamp="2015-02-09T11:28:29.545Z">
      <testsuite name="phantomjs - UI Globals Application appearance - 1" time="0.002" tests="1" failures="1" disabled="0" skipped="0" errors="0" hostname="stoketoday-lm" timestamp="2015-02-09T11:28:29.545Z">
        <testcase name="is orphaned" time="0.002">
          <failure type="Approved screen is orphaned: phantomjs_UI-Globals-Application-appearance_1" message="Error: Approved screen is orphaned: phantomjs_UI-Globals-Application-appearance_1&#xA;    at Context.&lt;anonymous> (/Users/erz/code/marcelerz/preceptor-todomvc/node_modules/kobold/lib/kobold.js:224:13)&#xA;    at callFn (/Users/erz/code/marcelerz/preceptor-todomvc/node_modules/mocha/lib/runnable.js:249:21)&#xA;    at Test.Runnable.run (/Users/erz/code/marcelerz/preceptor-todomvc/node_modules/mocha/lib/runnable.js:242:7)&#xA;    at Runner.runTest (/Users/erz/code/marcelerz/preceptor-todomvc/node_modules/mocha/lib/runner.js:373:10)&#xA;    at /Users/erz/code/marcelerz/preceptor-todomvc/node_modules/mocha/lib/runner.js:451:12&#xA;    at next (/Users/erz/code/marcelerz/preceptor-todomvc/node_modules/mocha/lib/runner.js:298:14)&#xA;    at /Users/erz/code/marcelerz/preceptor-todomvc/node_modules/mocha/lib/runner.js:308:7&#xA;    at next (/Users/erz/code/marcelerz/preceptor-todomvc/node_modules/mocha/lib/runner.js:246:23)&#xA;    at Object._onImmediate (/Users/erz/code/marcelerz/preceptor-todomvc/node_modules/mocha/lib/runner.js:275:5)&#xA;    at processImmediate [as _immediateCallback] (timers.js:336:15)"/>
        </testcase>
      </testsuite>
      <testsuite name="phantomjs - UI Todo Index Complete entry completed entry appearance - 1" time="0.001" tests="1" failures="1" disabled="0" skipped="0" errors="0" hostname="stoketoday-lm" timestamp="2015-02-09T11:28:29.547Z">
        <testcase name="is orphaned" time="0.001">
          <failure type="Approved screen is orphaned: phantomjs_UI-Todo-Index-Complete-entry-completed-entry-appearance_1" message="Error: Approved screen is orphaned: phantomjs_UI-Todo-Index-Complete-entry-completed-entry-appearance_1&#xA;    at Context.&lt;anonymous> (/Users/erz/code/marcelerz/preceptor-todomvc/node_modules/kobold/lib/kobold.js:224:13)&#xA;    at callFn (/Users/erz/code/marcelerz/preceptor-todomvc/node_modules/mocha/lib/runnable.js:249:21)&#xA;    at Test.Runnable.run (/Users/erz/code/marcelerz/preceptor-todomvc/node_modules/mocha/lib/runnable.js:242:7)&#xA;    at Runner.runTest (/Users/erz/code/marcelerz/preceptor-todomvc/node_modules/mocha/lib/runner.js:373:10)&#xA;    at /Users/erz/code/marcelerz/preceptor-todomvc/node_modules/mocha/lib/runner.js:451:12&#xA;    at next (/Users/erz/code/marcelerz/preceptor-todomvc/node_modules/mocha/lib/runner.js:298:14)&#xA;    at /Users/erz/code/marcelerz/preceptor-todomvc/node_modules/mocha/lib/runner.js:308:7&#xA;    at next (/Users/erz/code/marcelerz/preceptor-todomvc/node_modules/mocha/lib/runner.js:246:23)&#xA;    at Object._onImmediate (/Users/erz/code/marcelerz/preceptor-todomvc/node_modules/mocha/lib/runner.js:275:5)&#xA;    at processImmediate [as _immediateCallback] (timers.js:336:15)"/>
        </testcase>
      </testsuite>
      <testsuite name="phantomjs - UI Todo Index Complete multiple entries Active filter active filter appearance - 1" time="0" tests="1" failures="1" disabled="0" skipped="0" errors="0" hostname="stoketoday-lm" timestamp="2015-02-09T11:28:29.548Z">
        <testcase name="is orphaned" time="0">
          <failure type="Approved screen is orphaned: phantomjs_UI-Todo-Index-Complete-multiple-entries-Active-filter-active-filter-appearance_1" message="Error: Approved screen is orphaned: phantomjs_UI-Todo-Index-Complete-multiple-entries-Active-filter-active-filter-appearance_1&#xA;    at Context.&lt;anonymous> (/Users/erz/code/marcelerz/preceptor-todomvc/node_modules/kobold/lib/kobold.js:224:13)&#xA;    at callFn (/Users/erz/code/marcelerz/preceptor-todomvc/node_modules/mocha/lib/runnable.js:249:21)&#xA;    at Test.Runnable.run (/Users/erz/code/marcelerz/preceptor-todomvc/node_modules/mocha/lib/runnable.js:242:7)&#xA;    at Runner.runTest (/Users/erz/code/marcelerz/preceptor-todomvc/node_modules/mocha/lib/runner.js:373:10)&#xA;    at /Users/erz/code/marcelerz/preceptor-todomvc/node_modules/mocha/lib/runner.js:451:12&#xA;    at next (/Users/erz/code/marcelerz/preceptor-todomvc/node_modules/mocha/lib/runner.js:298:14)&#xA;    at /Users/erz/code/marcelerz/preceptor-todomvc/node_modules/mocha/lib/runner.js:308:7&#xA;    at next (/Users/erz/code/marcelerz/preceptor-todomvc/node_modules/mocha/lib/runner.js:246:23)&#xA;    at Object._onImmediate (/Users/erz/code/marcelerz/preceptor-todomvc/node_modules/mocha/lib/runner.js:275:5)&#xA;    at processImmediate [as _immediateCallback] (timers.js:336:15)"/>
        </testcase>
      </testsuite>
      <testsuite name="phantomjs - UI Todo Index Complete multiple entries All filter all filter appearance - 1" time="0.001" tests="1" failures="1" disabled="0" skipped="0" errors="0" hostname="stoketoday-lm" timestamp="2015-02-09T11:28:29.548Z">
        <testcase name="is orphaned" time="0">
          <failure type="Approved screen is orphaned: phantomjs_UI-Todo-Index-Complete-multiple-entries-All-filter-all-filter-appearance_1" message="Error: Approved screen is orphaned: phantomjs_UI-Todo-Index-Complete-multiple-entries-All-filter-all-filter-appearance_1&#xA;    at Context.&lt;anonymous> (/Users/erz/code/marcelerz/preceptor-todomvc/node_modules/kobold/lib/kobold.js:224:13)&#xA;    at callFn (/Users/erz/code/marcelerz/preceptor-todomvc/node_modules/mocha/lib/runnable.js:249:21)&#xA;    at Test.Runnable.run (/Users/erz/code/marcelerz/preceptor-todomvc/node_modules/mocha/lib/runnable.js:242:7)&#xA;    at Runner.runTest (/Users/erz/code/marcelerz/preceptor-todomvc/node_modules/mocha/lib/runner.js:373:10)&#xA;    at /Users/erz/code/marcelerz/preceptor-todomvc/node_modules/mocha/lib/runner.js:451:12&#xA;    at next (/Users/erz/code/marcelerz/preceptor-todomvc/node_modules/mocha/lib/runner.js:298:14)&#xA;    at /Users/erz/code/marcelerz/preceptor-todomvc/node_modules/mocha/lib/runner.js:308:7&#xA;    at next (/Users/erz/code/marcelerz/preceptor-todomvc/node_modules/mocha/lib/runner.js:246:23)&#xA;    at Object._onImmediate (/Users/erz/code/marcelerz/preceptor-todomvc/node_modules/mocha/lib/runner.js:275:5)&#xA;    at processImmediate [as _immediateCallback] (timers.js:336:15)"/>
        </testcase>
      </testsuite>
      <testsuite name="phantomjs - UI Todo Index Complete multiple entries Completed filter completed filter appearance - 1" time="0" tests="1" failures="1" disabled="0" skipped="0" errors="0" hostname="stoketoday-lm" timestamp="2015-02-09T11:28:29.549Z">
        <testcase name="is orphaned" time="0">
          <failure type="Approved screen is orphaned: phantomjs_UI-Todo-Index-Complete-multiple-entries-Completed-filter-completed-filter-appearance_1" message="Error: Approved screen is orphaned: phantomjs_UI-Todo-Index-Complete-multiple-entries-Completed-filter-completed-filter-appearance_1&#xA;    at Context.&lt;anonymous> (/Users/erz/code/marcelerz/preceptor-todomvc/node_modules/kobold/lib/kobold.js:224:13)&#xA;    at callFn (/Users/erz/code/marcelerz/preceptor-todomvc/node_modules/mocha/lib/runnable.js:249:21)&#xA;    at Test.Runnable.run (/Users/erz/code/marcelerz/preceptor-todomvc/node_modules/mocha/lib/runnable.js:242:7)&#xA;    at Runner.runTest (/Users/erz/code/marcelerz/preceptor-todomvc/node_modules/mocha/lib/runner.js:373:10)&#xA;    at /Users/erz/code/marcelerz/preceptor-todomvc/node_modules/mocha/lib/runner.js:451:12&#xA;    at next (/Users/erz/code/marcelerz/preceptor-todomvc/node_modules/mocha/lib/runner.js:298:14)&#xA;    at /Users/erz/code/marcelerz/preceptor-todomvc/node_modules/mocha/lib/runner.js:308:7&#xA;    at next (/Users/erz/code/marcelerz/preceptor-todomvc/node_modules/mocha/lib/runner.js:246:23)&#xA;    at Object._onImmediate (/Users/erz/code/marcelerz/preceptor-todomvc/node_modules/mocha/lib/runner.js:275:5)&#xA;    at processImmediate [as _immediateCallback] (timers.js:336:15)"/>
        </testcase>
      </testsuite>
      <testsuite name="phantomjs - UI Todo Index Complete multiple entries complete entries appearance - 1" time="0.001" tests="1" failures="1" disabled="0" skipped="0" errors="0" hostname="stoketoday-lm" timestamp="2015-02-09T11:28:29.549Z">
        <testcase name="is orphaned" time="0">
          <failure type="Approved screen is orphaned: phantomjs_UI-Todo-Index-Complete-multiple-entries-complete-entries-appearance_1" message="Error: Approved screen is orphaned: phantomjs_UI-Todo-Index-Complete-multiple-entries-complete-entries-appearance_1&#xA;    at Context.&lt;anonymous> (/Users/erz/code/marcelerz/preceptor-todomvc/node_modules/kobold/lib/kobold.js:224:13)&#xA;    at callFn (/Users/erz/code/marcelerz/preceptor-todomvc/node_modules/mocha/lib/runnable.js:249:21)&#xA;    at Test.Runnable.run (/Users/erz/code/marcelerz/preceptor-todomvc/node_modules/mocha/lib/runnable.js:242:7)&#xA;    at Runner.runTest (/Users/erz/code/marcelerz/preceptor-todomvc/node_modules/mocha/lib/runner.js:373:10)&#xA;    at /Users/erz/code/marcelerz/preceptor-todomvc/node_modules/mocha/lib/runner.js:451:12&#xA;    at next (/Users/erz/code/marcelerz/preceptor-todomvc/node_modules/mocha/lib/runner.js:298:14)&#xA;    at /Users/erz/code/marcelerz/preceptor-todomvc/node_modules/mocha/lib/runner.js:308:7&#xA;    at next (/Users/erz/code/marcelerz/preceptor-todomvc/node_modules/mocha/lib/runner.js:246:23)&#xA;    at Object._onImmediate (/Users/erz/code/marcelerz/preceptor-todomvc/node_modules/mocha/lib/runner.js:275:5)&#xA;    at processImmediate [as _immediateCallback] (timers.js:336:15)"/>
        </testcase>
      </testsuite>
      <testsuite name="phantomjs - UI Todo Index Create entry single entry appearance - 1" time="0.001" tests="1" failures="1" disabled="0" skipped="0" errors="0" hostname="stoketoday-lm" timestamp="2015-02-09T11:28:29.550Z">
        <testcase name="is orphaned" time="0.001">
          <failure type="Approved screen is orphaned: phantomjs_UI-Todo-Index-Create-entry-single-entry-appearance_1" message="Error: Approved screen is orphaned: phantomjs_UI-Todo-Index-Create-entry-single-entry-appearance_1&#xA;    at Context.&lt;anonymous> (/Users/erz/code/marcelerz/preceptor-todomvc/node_modules/kobold/lib/kobold.js:224:13)&#xA;    at callFn (/Users/erz/code/marcelerz/preceptor-todomvc/node_modules/mocha/lib/runnable.js:249:21)&#xA;    at Test.Runnable.run (/Users/erz/code/marcelerz/preceptor-todomvc/node_modules/mocha/lib/runnable.js:242:7)&#xA;    at Runner.runTest (/Users/erz/code/marcelerz/preceptor-todomvc/node_modules/mocha/lib/runner.js:373:10)&#xA;    at /Users/erz/code/marcelerz/preceptor-todomvc/node_modules/mocha/lib/runner.js:451:12&#xA;    at next (/Users/erz/code/marcelerz/preceptor-todomvc/node_modules/mocha/lib/runner.js:298:14)&#xA;    at /Users/erz/code/marcelerz/preceptor-todomvc/node_modules/mocha/lib/runner.js:308:7&#xA;    at next (/Users/erz/code/marcelerz/preceptor-todomvc/node_modules/mocha/lib/runner.js:246:23)&#xA;    at Object._onImmediate (/Users/erz/code/marcelerz/preceptor-todomvc/node_modules/mocha/lib/runner.js:275:5)&#xA;    at processImmediate [as _immediateCallback] (timers.js:336:15)"/>
        </testcase>
      </testsuite>
      <testsuite name="phantomjs - UI Todo Index Delete Active entry deleted entry appearance - 1" time="0.001" tests="1" failures="1" disabled="0" skipped="0" errors="0" hostname="stoketoday-lm" timestamp="2015-02-09T11:28:29.551Z">
        <testcase name="is orphaned" time="0">
          <failure type="Approved screen is orphaned: phantomjs_UI-Todo-Index-Delete-Active-entry-deleted-entry-appearance_1" message="Error: Approved screen is orphaned: phantomjs_UI-Todo-Index-Delete-Active-entry-deleted-entry-appearance_1&#xA;    at Context.&lt;anonymous> (/Users/erz/code/marcelerz/preceptor-todomvc/node_modules/kobold/lib/kobold.js:224:13)&#xA;    at callFn (/Users/erz/code/marcelerz/preceptor-todomvc/node_modules/mocha/lib/runnable.js:249:21)&#xA;    at Test.Runnable.run (/Users/erz/code/marcelerz/preceptor-todomvc/node_modules/mocha/lib/runnable.js:242:7)&#xA;    at Runner.runTest (/Users/erz/code/marcelerz/preceptor-todomvc/node_modules/mocha/lib/runner.js:373:10)&#xA;    at /Users/erz/code/marcelerz/preceptor-todomvc/node_modules/mocha/lib/runner.js:451:12&#xA;    at next (/Users/erz/code/marcelerz/preceptor-todomvc/node_modules/mocha/lib/runner.js:298:14)&#xA;    at /Users/erz/code/marcelerz/preceptor-todomvc/node_modules/mocha/lib/runner.js:308:7&#xA;    at next (/Users/erz/code/marcelerz/preceptor-todomvc/node_modules/mocha/lib/runner.js:246:23)&#xA;    at Object._onImmediate (/Users/erz/code/marcelerz/preceptor-todomvc/node_modules/mocha/lib/runner.js:275:5)&#xA;    at processImmediate [as _immediateCallback] (timers.js:336:15)"/>
        </testcase>
      </testsuite>
      <testsuite name="phantomjs - UI Todo Index Modify entry modified entry appearance - 1" time="0" tests="1" failures="1" disabled="0" skipped="0" errors="0" hostname="stoketoday-lm" timestamp="2015-02-09T11:28:29.552Z">
        <testcase name="is orphaned" time="0">
          <failure type="Approved screen is orphaned: phantomjs_UI-Todo-Index-Modify-entry-modified-entry-appearance_1" message="Error: Approved screen is orphaned: phantomjs_UI-Todo-Index-Modify-entry-modified-entry-appearance_1&#xA;    at Context.&lt;anonymous> (/Users/erz/code/marcelerz/preceptor-todomvc/node_modules/kobold/lib/kobold.js:224:13)&#xA;    at callFn (/Users/erz/code/marcelerz/preceptor-todomvc/node_modules/mocha/lib/runnable.js:249:21)&#xA;    at Test.Runnable.run (/Users/erz/code/marcelerz/preceptor-todomvc/node_modules/mocha/lib/runnable.js:242:7)&#xA;    at Runner.runTest (/Users/erz/code/marcelerz/preceptor-todomvc/node_modules/mocha/lib/runner.js:373:10)&#xA;    at /Users/erz/code/marcelerz/preceptor-todomvc/node_modules/mocha/lib/runner.js:451:12&#xA;    at next (/Users/erz/code/marcelerz/preceptor-todomvc/node_modules/mocha/lib/runner.js:298:14)&#xA;    at /Users/erz/code/marcelerz/preceptor-todomvc/node_modules/mocha/lib/runner.js:308:7&#xA;    at next (/Users/erz/code/marcelerz/preceptor-todomvc/node_modules/mocha/lib/runner.js:246:23)&#xA;    at Object._onImmediate (/Users/erz/code/marcelerz/preceptor-todomvc/node_modules/mocha/lib/runner.js:275:5)&#xA;    at processImmediate [as _immediateCallback] (timers.js:336:15)"/>
        </testcase>
      </testsuite>
      <testsuite name="firefox latest - UI Globals Application appearance - 1" time="0.463" tests="4" failures="0" disabled="0" skipped="0" errors="0" hostname="stoketoday-lm" timestamp="2015-02-09T11:28:29.552Z">
        <testcase name="should load the approved screen" time="0.05"/>
        <testcase name="should load the build screen" time="0.039"/>
        <testcase name="should load the configuration of screen" time="0.001"/>
        <testcase name="should be similar" time="0.373"/>
      </testsuite>
      <testsuite name="firefox latest - UI Todo Index Complete entry completed entry appearance - 1" time="0.489" tests="4" failures="0" disabled="0" skipped="0" errors="0" hostname="stoketoday-lm" timestamp="2015-02-09T11:28:30.015Z">
        <testcase name="should load the approved screen" time="0.035"/>
        <testcase name="should load the build screen" time="0.036"/>
        <testcase name="should load the configuration of screen" time="0"/>
        <testcase name="should be similar" time="0.415"/>
      </testsuite>
      <testsuite name="firefox latest - UI Todo Index Complete multiple entries Active filter active filter appearance - 1" time="0.471" tests="4" failures="0" disabled="0" skipped="0" errors="0" hostname="stoketoday-lm" timestamp="2015-02-09T11:28:30.504Z">
        <testcase name="should load the approved screen" time="0.047"/>
        <testcase name="should load the build screen" time="0.036"/>
        <testcase name="should load the configuration of screen" time="0.001"/>
        <testcase name="should be similar" time="0.387"/>
      </testsuite>
      <testsuite name="firefox latest - UI Todo Index Complete multiple entries All filter all filter appearance - 1" time="0.609" tests="4" failures="0" disabled="0" skipped="0" errors="0" hostname="stoketoday-lm" timestamp="2015-02-09T11:28:30.975Z">
        <testcase name="should load the approved screen" time="0.054"/>
        <testcase name="should load the build screen" time="0.073"/>
        <testcase name="should load the configuration of screen" time="0"/>
        <testcase name="should be similar" time="0.481"/>
      </testsuite>
      <testsuite name="firefox latest - UI Todo Index Complete multiple entries Completed filter completed filter appearance - 1" time="0.51" tests="4" failures="0" disabled="0" skipped="0" errors="0" hostname="stoketoday-lm" timestamp="2015-02-09T11:28:31.584Z">
        <testcase name="should load the approved screen" time="0.042"/>
        <testcase name="should load the build screen" time="0.068"/>
        <testcase name="should load the configuration of screen" time="0"/>
        <testcase name="should be similar" time="0.395"/>
      </testsuite>
      <testsuite name="firefox latest - UI Todo Index Complete multiple entries complete entries appearance - 1" time="0.617" tests="4" failures="0" disabled="0" skipped="0" errors="0" hostname="stoketoday-lm" timestamp="2015-02-09T11:28:32.094Z">
        <testcase name="should load the approved screen" time="0.058"/>
        <testcase name="should load the build screen" time="0.07"/>
        <testcase name="should load the configuration of screen" time="0.001"/>
        <testcase name="should be similar" time="0.486"/>
      </testsuite>
      <testsuite name="firefox latest - UI Todo Index Create entry single entry appearance - 1" time="0.404" tests="4" failures="0" disabled="0" skipped="0" errors="0" hostname="stoketoday-lm" timestamp="2015-02-09T11:28:32.711Z">
        <testcase name="should load the approved screen" time="0.033"/>
        <testcase name="should load the build screen" time="0.055"/>
        <testcase name="should load the configuration of screen" time="0"/>
        <testcase name="should be similar" time="0.314"/>
      </testsuite>
      <testsuite name="firefox latest - UI Todo Index Delete Active entry deleted entry appearance - 1" time="0.415" tests="4" failures="0" disabled="0" skipped="0" errors="0" hostname="stoketoday-lm" timestamp="2015-02-09T11:28:33.115Z">
        <testcase name="should load the approved screen" time="0.039"/>
        <testcase name="should load the build screen" time="0.035"/>
        <testcase name="should load the configuration of screen" time="0"/>
        <testcase name="should be similar" time="0.339"/>
      </testsuite>
      <testsuite name="firefox latest - UI Todo Index Modify entry modified entry appearance - 1" time="0.045" tests="4" failures="0" disabled="0" skipped="0" errors="0" hostname="stoketoday-lm" timestamp="2015-02-09T11:28:33.531Z">
        <testcase name="should load the approved screen" time="0.006"/>
        <testcase name="should load the build screen" time="0.003"/>
        <testcase name="should load the configuration of screen" time="0"/>
        <testcase name="should be similar" time="0.034"/>
      </testsuite>
    </testsuite>
  </testsuite>
</testsuites>
